#
# There is insufficient memory for the Java Runtime Environment to continue.
# Native memory allocation (mmap) failed to map 27262976 bytes for Failed to commit area from 0x0000000089a00000 to 0x000000008b400000 of length 27262976.
# Possible reasons:
#   The system is out of physical RAM or swap space
#   The process is running with CompressedOops enabled, and the Java Heap may be blocking the growth of the native heap
# Possible solutions:
#   Reduce memory load on the system
#   Increase physical memory or swap space
#   Check if swap backing store is full
#   Decrease Java heap size (-Xmx/-Xms)
#   Decrease number of Java threads
#   Decrease Java thread stack sizes (-Xss)
#   Set larger code cache with -XX:ReservedCodeCacheSize=
#   JVM is running with Unscaled Compressed Oops mode in which the Java heap is
#     placed in the first 4GB address space. The Java Heap base address is the
#     maximum limit for the native heap growth. Please use -XX:HeapBaseMinAddress
#     to set the Java Heap base and to place the Java Heap above 4GB virtual address.
# This output file may be truncated or incomplete.
#
#  Out of Memory Error (./open/src/hotspot/os/windows/os_windows.cpp:3275), pid=6160, tid=19516
#
# JRE version: Java(TM) SE Runtime Environment 18.9 (11.0.8+10) (build 11.0.8+10-LTS)
# Java VM: Java HotSpot(TM) 64-Bit Server VM 18.9 (11.0.8+10-LTS, mixed mode, tiered, compressed oops, g1 gc, windows-amd64)
# No core dump will be written. Minidumps are not enabled by default on client versions of Windows
#

---------------  S U M M A R Y ------------

Command Line: -Dcom.sun.management.jmxremote -Dcom.sun.management.jmxremote.port=55184 -Dcom.sun.management.jmxremote.authenticate=false -Dcom.sun.management.jmxremote.ssl=false -Djava.rmi.server.hostname=localhost -Dspring.jmx.enabled=true -Dspring.application.admin.enabled=true -Xverify:none -XX:TieredStopAtLevel=1 -Dspring.boot.project.name=cursomc -Dfile.encoding=UTF-8 com.klein.cursomc.CursomcApplication --spring.output.ansi.enabled=always

Host: Intel(R) Core(TM) i7-8565U CPU @ 1.80GHz, 8 cores, 7G,  Windows 10 , 64 bit Build 18362 (10.0.18362.1316)
Time: Tue Feb  9 11:46:34 2021 Hora oficial do Brasil elapsed time: 7 seconds (0d 0h 0m 7s)

---------------  T H R E A D  ---------------

Current thread (0x000002d07f2c3800):  VMThread "VM Thread" [stack: 0x000000ed4cf00000,0x000000ed4d000000] [id=19516]

Stack: [0x000000ed4cf00000,0x000000ed4d000000]
[error occurred during error reporting (printing stack bounds), id 0xc0000005, EXCEPTION_ACCESS_VIOLATION (0xc0000005) at pc=0x000002d000000dad]

Native frames: (J=compiled Java code, j=interpreted, Vv=VM code, C=native code)
V  [jvm.dll+0x601aea]
V  [jvm.dll+0x737fef]
V  [jvm.dll+0x739675]
V  [jvm.dll+0x739c55]
V  [jvm.dll+0x739c0b]
V  [jvm.dll+0x6013d3]
V  [jvm.dll+0x601798]
C  [ntdll.dll+0xa184f]
C  [ntdll.dll+0x6a889]
C  [ntdll.dll+0xa04be]
C  0x000002d000000dad

VM_Operation (0x000000ed4e4f72d0): G1CollectForAllocation, mode: safepoint, requested by thread 0x000002d01020b000


---------------  P R O C E S S  ---------------

Threads class SMR info:
_java_thread_list=0x000002d00ff60290, length=24, elements={
0x000002d06d63e800, 0x000002d07f2e8800, 0x000002d07f2ea000, 0x000002d07fb46800,
0x000002d07fb47800, 0x000002d07fb48800, 0x000002d07fb51800, 0x000002d07f280800,
0x000002d07fd71800, 0x000002d00f7c3800, 0x000002d00f7e3000, 0x000002d00f7ce800,
0x000002d00fe4c000, 0x000002d010105800, 0x000002d010115000, 0x000002d010175800,
0x000002d010205000, 0x000002d01020b000, 0x000002d00fec7000, 0x000002d00fecb000,
0x000002d00fec9800, 0x000002d00fec7800, 0x000002d00feca000, 0x000002d00fec8800
}

Java Threads: ( => current thread )
  0x000002d06d63e800 JavaThread "main" [_thread_blocked, id=11400, stack(0x000000ed4c900000,0x000000ed4ca00000)]
  0x000002d07f2e8800 JavaThread "Reference Handler" daemon [_thread_blocked, id=10292, stack(0x000000ed4d000000,0x000000ed4d100000)]
  0x000002d07f2ea000 JavaThread "Finalizer" daemon [_thread_blocked, id=5168, stack(0x000000ed4d100000,0x000000ed4d200000)]
  0x000002d07fb46800 JavaThread "Signal Dispatcher" daemon [_thread_blocked, id=18424, stack(0x000000ed4d200000,0x000000ed4d300000)]
  0x000002d07fb47800 JavaThread "Attach Listener" daemon [_thread_blocked, id=19856, stack(0x000000ed4d300000,0x000000ed4d400000)]
  0x000002d07fb48800 JavaThread "C1 CompilerThread0" daemon [_thread_blocked, id=13664, stack(0x000000ed4d400000,0x000000ed4d500000)]
  0x000002d07fb51800 JavaThread "Sweeper thread" daemon [_thread_blocked, id=9780, stack(0x000000ed4d500000,0x000000ed4d600000)]
  0x000002d07f280800 JavaThread "Common-Cleaner" daemon [_thread_blocked, id=19672, stack(0x000000ed4d600000,0x000000ed4d700000)]
  0x000002d07fd71800 JavaThread "Service Thread" daemon [_thread_blocked, id=19164, stack(0x000000ed4d700000,0x000000ed4d800000)]
  0x000002d00f7c3800 JavaThread "RMI TCP Accept-0" daemon [_thread_in_native, id=14604, stack(0x000000ed4d800000,0x000000ed4d900000)]
  0x000002d00f7e3000 JavaThread "RMI TCP Accept-55184" daemon [_thread_in_native, id=9796, stack(0x000000ed4d900000,0x000000ed4da00000)]
  0x000002d00f7ce800 JavaThread "RMI TCP Accept-0" daemon [_thread_in_native, id=19780, stack(0x000000ed4da00000,0x000000ed4db00000)]
  0x000002d00fe4c000 JavaThread "RMI TCP Connection(1)-127.0.0.1" daemon [_thread_in_native, id=15904, stack(0x000000ed4dc00000,0x000000ed4dd00000)]
  0x000002d010105800 JavaThread "RMI Scheduler(0)" daemon [_thread_blocked, id=15608, stack(0x000000ed4e000000,0x000000ed4e100000)]
  0x000002d010115000 JavaThread "RMI TCP Connection(2)-127.0.0.1" daemon [_thread_in_native, id=15652, stack(0x000000ed4e100000,0x000000ed4e200000)]
  0x000002d010175800 JavaThread "JMX server connection timeout 20" daemon [_thread_blocked, id=9344, stack(0x000000ed4e200000,0x000000ed4e300000)]
  0x000002d010205000 JavaThread "Thread-0" [_thread_blocked, id=11216, stack(0x000000ed4e300000,0x000000ed4e400000)]
  0x000002d01020b000 JavaThread "restartedMain" [_thread_blocked, id=4852, stack(0x000000ed4e400000,0x000000ed4e500000)]
  0x000002d00fec7000 JavaThread "mysql-cj-abandoned-connection-cleanup" daemon [_thread_blocked, id=11044, stack(0x000000ed4e500000,0x000000ed4e600000)]
  0x000002d00fecb000 JavaThread "HikariPool-1 housekeeper" daemon [_thread_blocked, id=13060, stack(0x000000ed4ec00000,0x000000ed4ed00000)]
  0x000002d00fec9800 JavaThread "HikariPool-1 connection adder" daemon [_thread_blocked, id=12020, stack(0x000000ed4ed00000,0x000000ed4ee00000)]
  0x000002d00fec7800 JavaThread "Catalina-utility-1" [_thread_blocked, id=11276, stack(0x000000ed4ee00000,0x000000ed4ef00000)]
  0x000002d00feca000 JavaThread "Catalina-utility-2" [_thread_blocked, id=16592, stack(0x000000ed4ef00000,0x000000ed4f000000)]
  0x000002d00fec8800 JavaThread "container-0" [_thread_blocked, id=15012, stack(0x000000ed4f000000,0x000000ed4f100000)]

Other Threads:
=>0x000002d07f2c3800 VMThread "VM Thread" [stack: 0x000000ed4cf00000,0x000000ed4d000000] [id=19516]
  0x000002d00fda6800 WatcherThread [stack: 0x000000ed4db00000,0x000000ed4dc00000] [id=20024]
  0x000002d06d655800 GCTaskThread "GC Thread#0" [stack: 0x000000ed4ca00000,0x000000ed4cb00000] [id=18920]
  0x000002d00fe81000 GCTaskThread "GC Thread#1" [stack: 0x000000ed4dd00000,0x000000ed4de00000] [id=20404]
  0x000002d0100d4000 GCTaskThread "GC Thread#2" [stack: 0x000000ed4de00000,0x000000ed4df00000] [id=16660]
  0x000002d01038d800 GCTaskThread "GC Thread#3" [stack: 0x000000ed4e600000,0x000000ed4e700000] [id=16804]
  0x000002d0102f2800 GCTaskThread "GC Thread#4" [stack: 0x000000ed4e700000,0x000000ed4e800000] [id=18808]
  0x000002d0103bd800 GCTaskThread "GC Thread#5" [stack: 0x000000ed4e800000,0x000000ed4e900000] [id=15320]
  0x000002d0103d8800 GCTaskThread "GC Thread#6" [stack: 0x000000ed4e900000,0x000000ed4ea00000] [id=17424]
  0x000002d0103ed800 GCTaskThread "GC Thread#7" [stack: 0x000000ed4ea00000,0x000000ed4eb00000] [id=14184]
  0x000002d06d68b800 ConcurrentGCThread "G1 Main Marker" [stack: 0x000000ed4cb00000,0x000000ed4cc00000] [id=6164]
  0x000002d06d68e800 ConcurrentGCThread "G1 Conc#0" [stack: 0x000000ed4cc00000,0x000000ed4cd00000] [id=7064]
  0x000002d01022d800 ConcurrentGCThread "G1 Conc#1" [stack: 0x000000ed4eb00000,0x000000ed4ec00000] [id=18404]
  0x000002d07f130800 ConcurrentGCThread "G1 Refine#0" [stack: 0x000000ed4cd00000,0x000000ed4ce00000] [id=2640]
  0x000002d07fda4800 ConcurrentGCThread "G1 Refine#1" [stack: 0x000000ed4df00000,0x000000ed4e000000] [id=8728]
  0x000002d07f131800 ConcurrentGCThread "G1 Young RemSet Sampling" [stack: 0x000000ed4ce00000,0x000000ed4cf00000] [id=10160]

Threads with active compile tasks:

VM state:at safepoint (normal execution)

VM Mutex/Monitor currently owned by a thread:  ([mutex/lock_event])
[0x000002d06d63d520] Threads_lock - owner thread: 0x000002d07f2c3800
[0x000002d06d63ccb0] Heap_lock - owner thread: 0x000002d01020b000

Heap address: 0x0000000081a00000, size: 2022 MB, Compressed Oops mode: 32-bit
Narrow klass base: 0x0000000000000000, Narrow klass shift: 3
Compressed class space size: 1073741824 Address: 0x0000000100000000

Heap:
 garbage-first heap   total 157696K, used 24846K [0x0000000081a00000, 0x0000000100000000)
  region size 1024K, 5 young (5120K), 5 survivors (5120K)
 Metaspace       used 40307K, capacity 41701K, committed 41904K, reserved 1085440K
  class space    used 5067K, capacity 5617K, committed 5632K, reserved 1048576K
Heap Regions: E=young(eden), S=young(survivor), O=old, HS=humongous(starts), HC=humongous(continues), CS=collection set, F=free, A=archive, TAMS=top-at-mark-start (previous, next)
|   0|0x0000000081a00000, 0x0000000081b00000, 0x0000000081b00000|100%|HS|  |TAMS 0x0000000081b00000, 0x0000000081a00000| Complete 
|   1|0x0000000081b00000, 0x0000000081c00000, 0x0000000081c00000|100%| O|  |TAMS 0x0000000081c00000, 0x0000000081b00000| Untracked 
|   2|0x0000000081c00000, 0x0000000081d00000, 0x0000000081d00000|100%| O|  |TAMS 0x0000000081d00000, 0x0000000081c00000| Untracked 
|   3|0x0000000081d00000, 0x0000000081e00000, 0x0000000081e00000|100%| O|  |TAMS 0x0000000081e00000, 0x0000000081d00000| Untracked 
|   4|0x0000000081e00000, 0x0000000081f00000, 0x0000000081f00000|100%| O|  |TAMS 0x0000000081f00000, 0x0000000081e00000| Untracked 
|   5|0x0000000081f00000, 0x0000000082000000, 0x0000000082000000|100%| O|  |TAMS 0x0000000082000000, 0x0000000081f00000| Untracked 
|   6|0x0000000082000000, 0x0000000082100000, 0x0000000082100000|100%| O|  |TAMS 0x0000000082100000, 0x0000000082000000| Untracked 
|   7|0x0000000082100000, 0x0000000082200000, 0x0000000082200000|100%| O|  |TAMS 0x0000000082200000, 0x0000000082100000| Untracked 
|   8|0x0000000082200000, 0x0000000082300000, 0x0000000082300000|100%| O|  |TAMS 0x0000000082300000, 0x0000000082200000| Untracked 
|   9|0x0000000082300000, 0x0000000082400000, 0x0000000082400000|100%| O|  |TAMS 0x0000000082400000, 0x0000000082300000| Untracked 
|  10|0x0000000082400000, 0x0000000082500000, 0x0000000082500000|100%| O|  |TAMS 0x0000000082500000, 0x0000000082400000| Untracked 
|  11|0x0000000082500000, 0x0000000082600000, 0x0000000082600000|100%| O|  |TAMS 0x0000000082600000, 0x0000000082500000| Untracked 
|  12|0x0000000082600000, 0x0000000082700000, 0x0000000082700000|100%| O|  |TAMS 0x0000000082700000, 0x0000000082600000| Untracked 
|  13|0x0000000082700000, 0x0000000082800000, 0x0000000082800000|100%| O|  |TAMS 0x0000000082800000, 0x0000000082700000| Untracked 
|  14|0x0000000082800000, 0x0000000082900000, 0x0000000082900000|100%| O|  |TAMS 0x0000000082857a00, 0x0000000082800000| Untracked 
|  15|0x0000000082900000, 0x0000000082a00000, 0x0000000082a00000|100%| O|  |TAMS 0x0000000082900000, 0x0000000082900000| Untracked 
|  16|0x0000000082a00000, 0x0000000082b00000, 0x0000000082b00000|100%| O|  |TAMS 0x0000000082a00000, 0x0000000082a00000| Untracked 
|  17|0x0000000082b00000, 0x0000000082c00000, 0x0000000082c00000|100%| O|  |TAMS 0x0000000082b00000, 0x0000000082b00000| Untracked 
|  18|0x0000000082c00000, 0x0000000082d00000, 0x0000000082d00000|100%| O|  |TAMS 0x0000000082c00000, 0x0000000082c00000| Untracked 
|  19|0x0000000082d00000, 0x0000000082d43800, 0x0000000082e00000| 26%| O|  |TAMS 0x0000000082d00000, 0x0000000082d00000| Untracked 
|  20|0x0000000082e00000, 0x0000000082e00000, 0x0000000082f00000|  0%| F|  |TAMS 0x0000000082e00000, 0x0000000082e00000| Untracked 
|  21|0x0000000082f00000, 0x0000000082f00000, 0x0000000083000000|  0%| F|  |TAMS 0x0000000082f00000, 0x0000000082f00000| Untracked 
|  22|0x0000000083000000, 0x0000000083000000, 0x0000000083100000|  0%| F|  |TAMS 0x0000000083000000, 0x0000000083000000| Untracked 
|  23|0x0000000083100000, 0x0000000083100000, 0x0000000083200000|  0%| F|  |TAMS 0x0000000083100000, 0x0000000083100000| Untracked 
|  24|0x0000000083200000, 0x0000000083200000, 0x0000000083300000|  0%| F|  |TAMS 0x0000000083200000, 0x0000000083200000| Untracked 
|  25|0x0000000083300000, 0x0000000083300000, 0x0000000083400000|  0%| F|  |TAMS 0x0000000083300000, 0x0000000083300000| Untracked 
|  26|0x0000000083400000, 0x0000000083400000, 0x0000000083500000|  0%| F|  |TAMS 0x0000000083400000, 0x0000000083400000| Untracked 
|  27|0x0000000083500000, 0x0000000083500000, 0x0000000083600000|  0%| F|  |TAMS 0x0000000083500000, 0x0000000083500000| Untracked 
|  28|0x0000000083600000, 0x0000000083600000, 0x0000000083700000|  0%| F|  |TAMS 0x0000000083600000, 0x0000000083600000| Untracked 
|  29|0x0000000083700000, 0x0000000083700000, 0x0000000083800000|  0%| F|  |TAMS 0x0000000083700000, 0x0000000083700000| Untracked 
|  30|0x0000000083800000, 0x0000000083800000, 0x0000000083900000|  0%| F|  |TAMS 0x0000000083800000, 0x0000000083800000| Untracked 
|  31|0x0000000083900000, 0x0000000083900000, 0x0000000083a00000|  0%| F|  |TAMS 0x0000000083900000, 0x0000000083900000| Untracked 
|  32|0x0000000083a00000, 0x0000000083a00000, 0x0000000083b00000|  0%| F|  |TAMS 0x0000000083a00000, 0x0000000083a00000| Untracked 
|  33|0x0000000083b00000, 0x0000000083b00000, 0x0000000083c00000|  0%| F|  |TAMS 0x0000000083b00000, 0x0000000083b00000| Untracked 
|  34|0x0000000083c00000, 0x0000000083c00000, 0x0000000083d00000|  0%| F|  |TAMS 0x0000000083c00000, 0x0000000083c00000| Untracked 
|  35|0x0000000083d00000, 0x0000000083d00000, 0x0000000083e00000|  0%| F|  |TAMS 0x0000000083d00000, 0x0000000083d00000| Untracked 
|  36|0x0000000083e00000, 0x0000000083e00000, 0x0000000083f00000|  0%| F|  |TAMS 0x0000000083e00000, 0x0000000083e00000| Untracked 
|  37|0x0000000083f00000, 0x0000000083f00000, 0x0000000084000000|  0%| F|  |TAMS 0x0000000083f00000, 0x0000000083f00000| Untracked 
|  38|0x0000000084000000, 0x0000000084000000, 0x0000000084100000|  0%| F|  |TAMS 0x0000000084000000, 0x0000000084000000| Untracked 
|  39|0x0000000084100000, 0x0000000084100000, 0x0000000084200000|  0%| F|  |TAMS 0x0000000084100000, 0x0000000084100000| Untracked 
|  40|0x0000000084200000, 0x0000000084200000, 0x0000000084300000|  0%| F|  |TAMS 0x0000000084200000, 0x0000000084200000| Untracked 
|  41|0x0000000084300000, 0x0000000084300000, 0x0000000084400000|  0%| F|  |TAMS 0x0000000084300000, 0x0000000084300000| Untracked 
|  42|0x0000000084400000, 0x0000000084400000, 0x0000000084500000|  0%| F|  |TAMS 0x0000000084400000, 0x0000000084400000| Untracked 
|  43|0x0000000084500000, 0x0000000084500000, 0x0000000084600000|  0%| F|  |TAMS 0x0000000084500000, 0x0000000084500000| Untracked 
|  44|0x0000000084600000, 0x0000000084600000, 0x0000000084700000|  0%| F|  |TAMS 0x0000000084600000, 0x0000000084600000| Untracked 
|  45|0x0000000084700000, 0x0000000084700000, 0x0000000084800000|  0%| F|  |TAMS 0x0000000084700000, 0x0000000084700000| Untracked 
|  46|0x0000000084800000, 0x0000000084800000, 0x0000000084900000|  0%| F|  |TAMS 0x0000000084800000, 0x0000000084800000| Untracked 
|  47|0x0000000084900000, 0x0000000084900000, 0x0000000084a00000|  0%| F|  |TAMS 0x0000000084900000, 0x0000000084900000| Untracked 
|  48|0x0000000084a00000, 0x0000000084a00000, 0x0000000084b00000|  0%| F|  |TAMS 0x0000000084a00000, 0x0000000084a00000| Untracked 
|  49|0x0000000084b00000, 0x0000000084b00000, 0x0000000084c00000|  0%| F|  |TAMS 0x0000000084b00000, 0x0000000084b00000| Untracked 
|  50|0x0000000084c00000, 0x0000000084c00000, 0x0000000084d00000|  0%| F|  |TAMS 0x0000000084c00000, 0x0000000084c00000| Untracked 
|  51|0x0000000084d00000, 0x0000000084d00000, 0x0000000084e00000|  0%| F|  |TAMS 0x0000000084d00000, 0x0000000084d00000| Untracked 
|  52|0x0000000084e00000, 0x0000000084e00000, 0x0000000084f00000|  0%| F|  |TAMS 0x0000000084e00000, 0x0000000084e00000| Untracked 
|  53|0x0000000084f00000, 0x0000000084f00000, 0x0000000085000000|  0%| F|  |TAMS 0x0000000084f00000, 0x0000000084f00000| Untracked 
|  54|0x0000000085000000, 0x0000000085100000, 0x0000000085100000|100%| S|CS|TAMS 0x0000000085000000, 0x0000000085000000| Complete 
|  55|0x0000000085100000, 0x0000000085200000, 0x0000000085200000|100%| S|CS|TAMS 0x0000000085100000, 0x0000000085100000| Complete 
|  56|0x0000000085200000, 0x0000000085300000, 0x0000000085300000|100%| S|CS|TAMS 0x0000000085200000, 0x0000000085200000| Complete 
|  57|0x0000000085300000, 0x0000000085400000, 0x0000000085400000|100%| S|CS|TAMS 0x0000000085300000, 0x0000000085300000| Complete 
|  58|0x0000000085400000, 0x0000000085500000, 0x0000000085500000|100%| S|CS|TAMS 0x0000000085400000, 0x0000000085400000| Complete 
|  59|0x0000000085500000, 0x0000000085500000, 0x0000000085600000|  0%| F|  |TAMS 0x0000000085500000, 0x0000000085500000| Untracked 
|  60|0x0000000085600000, 0x0000000085600000, 0x0000000085700000|  0%| F|  |TAMS 0x0000000085600000, 0x0000000085600000| Untracked 
|  61|0x0000000085700000, 0x0000000085700000, 0x0000000085800000|  0%| F|  |TAMS 0x0000000085700000, 0x0000000085700000| Untracked 
|  62|0x0000000085800000, 0x0000000085800000, 0x0000000085900000|  0%| F|  |TAMS 0x0000000085800000, 0x0000000085800000| Untracked 
|  63|0x0000000085900000, 0x0000000085900000, 0x0000000085a00000|  0%| F|  |TAMS 0x0000000085900000, 0x0000000085900000| Untracked 
|  64|0x0000000085a00000, 0x0000000085a00000, 0x0000000085b00000|  0%| F|  |TAMS 0x0000000085a00000, 0x0000000085a00000| Untracked 
|  65|0x0000000085b00000, 0x0000000085b00000, 0x0000000085c00000|  0%| F|  |TAMS 0x0000000085b00000, 0x0000000085b00000| Untracked 
|  66|0x0000000085c00000, 0x0000000085c00000, 0x0000000085d00000|  0%| F|  |TAMS 0x0000000085c00000, 0x0000000085c00000| Untracked 
|  67|0x0000000085d00000, 0x0000000085d00000, 0x0000000085e00000|  0%| F|  |TAMS 0x0000000085d00000, 0x0000000085d00000| Untracked 
|  68|0x0000000085e00000, 0x0000000085e00000, 0x0000000085f00000|  0%| F|  |TAMS 0x0000000085e00000, 0x0000000085e00000| Untracked 
|  69|0x0000000085f00000, 0x0000000085f00000, 0x0000000086000000|  0%| F|  |TAMS 0x0000000085f00000, 0x0000000085f00000| Untracked 
|  70|0x0000000086000000, 0x0000000086000000, 0x0000000086100000|  0%| F|  |TAMS 0x0000000086000000, 0x0000000086000000| Untracked 
|  71|0x0000000086100000, 0x0000000086100000, 0x0000000086200000|  0%| F|  |TAMS 0x0000000086100000, 0x0000000086100000| Untracked 
|  72|0x0000000086200000, 0x0000000086200000, 0x0000000086300000|  0%| F|  |TAMS 0x0000000086200000, 0x0000000086200000| Untracked 
|  73|0x0000000086300000, 0x0000000086300000, 0x0000000086400000|  0%| F|  |TAMS 0x0000000086300000, 0x0000000086300000| Untracked 
|  74|0x0000000086400000, 0x0000000086400000, 0x0000000086500000|  0%| F|  |TAMS 0x0000000086400000, 0x0000000086400000| Untracked 
|  75|0x0000000086500000, 0x0000000086500000, 0x0000000086600000|  0%| F|  |TAMS 0x0000000086500000, 0x0000000086500000| Untracked 
|  76|0x0000000086600000, 0x0000000086600000, 0x0000000086700000|  0%| F|  |TAMS 0x0000000086600000, 0x0000000086600000| Untracked 
|  77|0x0000000086700000, 0x0000000086700000, 0x0000000086800000|  0%| F|  |TAMS 0x0000000086700000, 0x0000000086700000| Untracked 
|  78|0x0000000086800000, 0x0000000086800000, 0x0000000086900000|  0%| F|  |TAMS 0x0000000086800000, 0x0000000086800000| Untracked 
|  79|0x0000000086900000, 0x0000000086900000, 0x0000000086a00000|  0%| F|  |TAMS 0x0000000086900000, 0x0000000086900000| Untracked 
|  80|0x0000000086a00000, 0x0000000086a00000, 0x0000000086b00000|  0%| F|  |TAMS 0x0000000086a00000, 0x0000000086a00000| Untracked 
|  81|0x0000000086b00000, 0x0000000086b00000, 0x0000000086c00000|  0%| F|  |TAMS 0x0000000086b00000, 0x0000000086b00000| Untracked 
|  82|0x0000000086c00000, 0x0000000086c00000, 0x0000000086d00000|  0%| F|  |TAMS 0x0000000086c00000, 0x0000000086c00000| Untracked 
|  83|0x0000000086d00000, 0x0000000086d00000, 0x0000000086e00000|  0%| F|  |TAMS 0x0000000086d00000, 0x0000000086d00000| Untracked 
|  84|0x0000000086e00000, 0x0000000086e00000, 0x0000000086f00000|  0%| F|  |TAMS 0x0000000086e00000, 0x0000000086e00000| Untracked 
|  85|0x0000000086f00000, 0x0000000086f00000, 0x0000000087000000|  0%| F|  |TAMS 0x0000000086f00000, 0x0000000086f00000| Untracked 
|  86|0x0000000087000000, 0x0000000087000000, 0x0000000087100000|  0%| F|  |TAMS 0x0000000087000000, 0x0000000087000000| Untracked 
|  87|0x0000000087100000, 0x0000000087100000, 0x0000000087200000|  0%| F|  |TAMS 0x0000000087100000, 0x0000000087100000| Untracked 
|  88|0x0000000087200000, 0x0000000087200000, 0x0000000087300000|  0%| F|  |TAMS 0x0000000087200000, 0x0000000087200000| Untracked 
|  89|0x0000000087300000, 0x0000000087300000, 0x0000000087400000|  0%| F|  |TAMS 0x0000000087300000, 0x0000000087300000| Untracked 
|  90|0x0000000087400000, 0x0000000087400000, 0x0000000087500000|  0%| F|  |TAMS 0x0000000087400000, 0x0000000087400000| Untracked 
|  91|0x0000000087500000, 0x0000000087500000, 0x0000000087600000|  0%| F|  |TAMS 0x0000000087500000, 0x0000000087500000| Untracked 
|  92|0x0000000087600000, 0x0000000087600000, 0x0000000087700000|  0%| F|  |TAMS 0x0000000087600000, 0x0000000087600000| Untracked 
|  93|0x0000000087700000, 0x0000000087700000, 0x0000000087800000|  0%| F|  |TAMS 0x0000000087700000, 0x0000000087700000| Untracked 
|  94|0x0000000087800000, 0x0000000087800000, 0x0000000087900000|  0%| F|  |TAMS 0x0000000087800000, 0x0000000087800000| Untracked 
|  95|0x0000000087900000, 0x0000000087900000, 0x0000000087a00000|  0%| F|  |TAMS 0x0000000087900000, 0x0000000087900000| Untracked 
|  96|0x0000000087a00000, 0x0000000087a00000, 0x0000000087b00000|  0%| F|  |TAMS 0x0000000087a00000, 0x0000000087a00000| Untracked 
|  97|0x0000000087b00000, 0x0000000087b00000, 0x0000000087c00000|  0%| F|  |TAMS 0x0000000087b00000, 0x0000000087b00000| Untracked 
|  98|0x0000000087c00000, 0x0000000087c00000, 0x0000000087d00000|  0%| F|  |TAMS 0x0000000087c00000, 0x0000000087c00000| Untracked 
|  99|0x0000000087d00000, 0x0000000087d00000, 0x0000000087e00000|  0%| F|  |TAMS 0x0000000087d00000, 0x0000000087d00000| Untracked 
| 100|0x0000000087e00000, 0x0000000087e00000, 0x0000000087f00000|  0%| F|  |TAMS 0x0000000087e00000, 0x0000000087e00000| Untracked 
| 101|0x0000000087f00000, 0x0000000087f00000, 0x0000000088000000|  0%| F|  |TAMS 0x0000000087f00000, 0x0000000087f00000| Untracked 
| 102|0x0000000088000000, 0x0000000088000000, 0x0000000088100000|  0%| F|  |TAMS 0x0000000088000000, 0x0000000088000000| Untracked 
| 103|0x0000000088100000, 0x0000000088100000, 0x0000000088200000|  0%| F|  |TAMS 0x0000000088100000, 0x0000000088100000| Untracked 
| 104|0x0000000088200000, 0x0000000088200000, 0x0000000088300000|  0%| F|  |TAMS 0x0000000088200000, 0x0000000088200000| Untracked 
| 105|0x0000000088300000, 0x0000000088300000, 0x0000000088400000|  0%| F|  |TAMS 0x0000000088300000, 0x0000000088300000| Untracked 
| 106|0x0000000088400000, 0x0000000088400000, 0x0000000088500000|  0%| F|  |TAMS 0x0000000088400000, 0x0000000088400000| Untracked 
| 107|0x0000000088500000, 0x0000000088500000, 0x0000000088600000|  0%| F|  |TAMS 0x0000000088500000, 0x0000000088500000| Untracked 
| 108|0x0000000088600000, 0x0000000088600000, 0x0000000088700000|  0%| F|  |TAMS 0x0000000088600000, 0x0000000088600000| Untracked 
| 109|0x0000000088700000, 0x0000000088700000, 0x0000000088800000|  0%| F|  |TAMS 0x0000000088700000, 0x0000000088700000| Untracked 
| 110|0x0000000088800000, 0x0000000088800000, 0x0000000088900000|  0%| F|  |TAMS 0x0000000088800000, 0x0000000088800000| Untracked 
| 111|0x0000000088900000, 0x0000000088900000, 0x0000000088a00000|  0%| F|  |TAMS 0x0000000088900000, 0x0000000088900000| Untracked 
| 112|0x0000000088a00000, 0x0000000088a00000, 0x0000000088b00000|  0%| F|  |TAMS 0x0000000088a00000, 0x0000000088a00000| Untracked 
| 113|0x0000000088b00000, 0x0000000088b00000, 0x0000000088c00000|  0%| F|  |TAMS 0x0000000088b00000, 0x0000000088b00000| Untracked 
| 114|0x0000000088c00000, 0x0000000088c00000, 0x0000000088d00000|  0%| F|  |TAMS 0x0000000088c00000, 0x0000000088c00000| Untracked 
| 115|0x0000000088d00000, 0x0000000088d00000, 0x0000000088e00000|  0%| F|  |TAMS 0x0000000088d00000, 0x0000000088d00000| Untracked 
| 116|0x0000000088e00000, 0x0000000088e00000, 0x0000000088f00000|  0%| F|  |TAMS 0x0000000088e00000, 0x0000000088e00000| Untracked 
| 117|0x0000000088f00000, 0x0000000088f00000, 0x0000000089000000|  0%| F|  |TAMS 0x0000000088f00000, 0x0000000088f00000| Untracked 
| 118|0x0000000089000000, 0x0000000089000000, 0x0000000089100000|  0%| F|  |TAMS 0x0000000089000000, 0x0000000089000000| Untracked 
| 119|0x0000000089100000, 0x0000000089100000, 0x0000000089200000|  0%| F|  |TAMS 0x0000000089100000, 0x0000000089100000| Untracked 
| 120|0x0000000089200000, 0x0000000089200000, 0x0000000089300000|  0%| F|  |TAMS 0x0000000089200000, 0x0000000089200000| Untracked 
| 121|0x0000000089300000, 0x0000000089300000, 0x0000000089400000|  0%| F|  |TAMS 0x0000000089300000, 0x0000000089300000| Untracked 
| 122|0x0000000089400000, 0x0000000089400000, 0x0000000089500000|  0%| F|  |TAMS 0x0000000089400000, 0x0000000089400000| Untracked 
| 123|0x0000000089500000, 0x0000000089500000, 0x0000000089600000|  0%| F|  |TAMS 0x0000000089500000, 0x0000000089500000| Untracked 
| 124|0x0000000089600000, 0x0000000089600000, 0x0000000089700000|  0%| F|  |TAMS 0x0000000089600000, 0x0000000089600000| Untracked 
| 125|0x0000000089700000, 0x0000000089700000, 0x0000000089800000|  0%| F|  |TAMS 0x0000000089700000, 0x0000000089700000| Untracked 
| 126|0x0000000089800000, 0x0000000089800000, 0x0000000089900000|  0%| F|  |TAMS 0x0000000089800000, 0x0000000089800000| Untracked 
| 127|0x0000000089900000, 0x0000000089900000, 0x0000000089a00000|  0%| F|  |TAMS 0x0000000089900000, 0x0000000089900000| Untracked 

Card table byte_map: [0x000002d0780a0000,0x000002d0784a0000] _byte_map_base: 0x000002d077c93000

Marking Bits (Prev, Next): (CMBitMap*) 0x000002d06d6830c8, (CMBitMap*) 0x000002d06d683100
 Prev Bits: [0x000002d0788a0000, 0x000002d07a838000)
 Next Bits: [0x000002d07a840000, 0x000002d07c7d8000)

Polling page: 0x000002d06d4a0000

Metaspace:

Usage:
  Non-class:     35.24 MB capacity,    34.41 MB ( 98%) used,   690.63 KB (  2%) free+waste,   153.38 KB ( <1%) overhead. 
      Class:      5.49 MB capacity,     4.95 MB ( 90%) used,   473.80 KB (  8%) free+waste,    76.19 KB (  1%) overhead. 
       Both:     40.72 MB capacity,    39.36 MB ( 97%) used,     1.14 MB (  3%) free+waste,   229.56 KB ( <1%) overhead. 

Virtual space:
  Non-class space:       36.00 MB reserved,      35.42 MB ( 98%) committed 
      Class space:        1.00 GB reserved,       5.50 MB ( <1%) committed 
             Both:        1.04 GB reserved,      40.92 MB (  4%) committed 

Chunk freelists:
   Non-Class:  7.50 KB
       Class:  1.88 KB
        Both:  9.38 KB

CodeHeap 'non-profiled nmethods': size=238336Kb used=6622Kb max_used=6622Kb free=231714Kb
 bounds [0x000002d000740000, 0x000002d000dc0000, 0x000002d00f000000]
CodeHeap 'non-nmethods': size=7424Kb used=1190Kb max_used=1190Kb free=6233Kb
 bounds [0x000002d000000000, 0x000002d000270000, 0x000002d000740000]
 total_blobs=4594 nmethods=4056 adapters=464
 compilation: enabled
              stopped_count=0, restarted_count=0
 full_count=0

Compilation events (10 events):
Event: 7.596 Thread 0x000002d07fb48800 4052       1       org.springframework.beans.factory.support.DefaultListableBeanFactory::getAutowireCandidateResolver (5 bytes)
Event: 7.596 Thread 0x000002d07fb48800 nmethod 4052 0x000002d000db6410 code [0x000002d000db65a0, 0x000002d000db66b8]
Event: 7.597 Thread 0x000002d07fb48800 4053   !   1       org.springframework.core.annotation.AnnotationsScanner::processElement (40 bytes)
Event: 7.597 Thread 0x000002d07fb48800 nmethod 4053 0x000002d000db6710 code [0x000002d000db68e0, 0x000002d000db6ae0]
Event: 7.597 Thread 0x000002d07fb48800 4054       1       org.springframework.core.ResolvableType::forRawClass (10 bytes)
Event: 7.597 Thread 0x000002d07fb48800 nmethod 4054 0x000002d000db6c10 code [0x000002d000db6dc0, 0x000002d000db6f90]
Event: 7.597 Thread 0x000002d07fb48800 4055       1       org.springframework.core.ResolvableType$1::<init> (12 bytes)
Event: 7.597 Thread 0x000002d07fb48800 nmethod 4055 0x000002d000db7090 code [0x000002d000db7240, 0x000002d000db73d0]
Event: 7.597 Thread 0x000002d07fb48800 4056       1       org.springframework.core.ResolvableType::<init> (6 bytes)
Event: 7.597 Thread 0x000002d07fb48800 nmethod 4056 0x000002d000db7490 code [0x000002d000db7640, 0x000002d000db7770]

GC Heap History (10 events):
Event: 3.743 GC heap after
{Heap after GC invocations=6 (full 0):
 garbage-first heap   total 131072K, used 16877K [0x0000000081a00000, 0x0000000100000000)
  region size 1024K, 5 young (5120K), 5 survivors (5120K)
 Metaspace       used 25527K, capacity 26365K, committed 26544K, reserved 1073152K
  class space    used 3179K, capacity 3490K, committed 3584K, reserved 1048576K
}
Event: 4.689 GC heap before
{Heap before GC invocations=6 (full 0):
 garbage-first heap   total 131072K, used 79341K [0x0000000081a00000, 0x0000000100000000)
  region size 1024K, 67 young (68608K), 5 survivors (5120K)
 Metaspace       used 28527K, capacity 29405K, committed 29488K, reserved 1075200K
  class space    used 3543K, capacity 3896K, committed 3968K, reserved 1048576K
}
Event: 4.698 GC heap after
{Heap after GC invocations=7 (full 0):
 garbage-first heap   total 131072K, used 17913K [0x0000000081a00000, 0x0000000100000000)
  region size 1024K, 6 young (6144K), 6 survivors (6144K)
 Metaspace       used 28527K, capacity 29405K, committed 29488K, reserved 1075200K
  class space    used 3543K, capacity 3896K, committed 3968K, reserved 1048576K
}
Event: 5.789 GC heap before
{Heap before GC invocations=7 (full 0):
 garbage-first heap   total 131072K, used 89593K [0x0000000081a00000, 0x0000000100000000)
  region size 1024K, 76 young (77824K), 6 survivors (6144K)
 Metaspace       used 32815K, capacity 33986K, committed 34096K, reserved 1079296K
  class space    used 4175K, capacity 4651K, committed 4736K, reserved 1048576K
}
Event: 5.797 GC heap after
{Heap after GC invocations=8 (full 0):
 garbage-first heap   total 131072K, used 20011K [0x0000000081a00000, 0x0000000100000000)
  region size 1024K, 8 young (8192K), 8 survivors (8192K)
 Metaspace       used 32815K, capacity 33986K, committed 34096K, reserved 1079296K
  class space    used 4175K, capacity 4651K, committed 4736K, reserved 1048576K
}
Event: 6.108 GC heap before
{Heap before GC invocations=8 (full 0):
 garbage-first heap   total 131072K, used 40491K [0x0000000081a00000, 0x0000000100000000)
  region size 1024K, 29 young (29696K), 8 survivors (8192K)
 Metaspace       used 34615K, capacity 35826K, committed 35888K, reserved 1081344K
  class space    used 4436K, capacity 4937K, committed 4992K, reserved 1048576K
}
Event: 6.127 GC heap after
{Heap after GC invocations=9 (full 0):
 garbage-first heap   total 131072K, used 21465K [0x0000000081a00000, 0x0000000100000000)
  region size 1024K, 7 young (7168K), 7 survivors (7168K)
 Metaspace       used 34615K, capacity 35826K, committed 35888K, reserved 1081344K
  class space    used 4436K, capacity 4937K, committed 4992K, reserved 1048576K
}
Event: 6.673 GC heap before
{Heap before GC invocations=10 (full 0):
 garbage-first heap   total 131072K, used 91097K [0x0000000081a00000, 0x0000000100000000)
  region size 1024K, 76 young (77824K), 7 survivors (7168K)
 Metaspace       used 36783K, capacity 38178K, committed 38320K, reserved 1083392K
  class space    used 4709K, capacity 5253K, committed 5376K, reserved 1048576K
}
Event: 6.680 GC heap after
{Heap after GC invocations=11 (full 0):
 garbage-first heap   total 131072K, used 23478K [0x0000000081a00000, 0x0000000100000000)
  region size 1024K, 7 young (7168K), 7 survivors (7168K)
 Metaspace       used 36783K, capacity 38178K, committed 38320K, reserved 1083392K
  class space    used 4709K, capacity 5253K, committed 5376K, reserved 1048576K
}
Event: 7.597 GC heap before
{Heap before GC invocations=11 (full 0):
 garbage-first heap   total 131072K, used 93110K [0x0000000081a00000, 0x0000000100000000)
  region size 1024K, 76 young (77824K), 7 survivors (7168K)
 Metaspace       used 40307K, capacity 41701K, committed 41904K, reserved 1085440K
  class space    used 5067K, capacity 5617K, committed 5632K, reserved 1048576K
}

Deoptimization events (0 events):
No events

Classes redefined (0 events):
No events

Internal exceptions (10 events):
Event: 6.164 Thread 0x000002d01020b000 Exception <a 'java/lang/IncompatibleClassChangeError'{0x0000000089650548}: Found class java.lang.Object, but interface was expected> (0x0000000089650548) thrown at [./open/src/hotspot/share/interpreter/linkResolver.cpp, line 838]
Event: 6.165 Thread 0x000002d01020b000 Exception <a 'java/lang/NoSuchMethodError'{0x00000000896553e8}: java.lang.invoke.DirectMethodHandle$Holder.invokeStatic(Ljava/lang/Object;ILjava/lang/Object;)V> (0x00000000896553e8) thrown at [./open/src/hotspot/share/interpreter/linkResolver.cpp, line 77
Event: 6.188 Thread 0x000002d010115000 Exception <a 'java/lang/reflect/InvocationTargetException'{0x0000000089301df8}> (0x0000000089301df8) thrown at [./open/src/hotspot/share/runtime/reflection.cpp, line 1242]
Event: 6.690 Thread 0x000002d010115000 Exception <a 'java/lang/reflect/InvocationTargetException'{0x0000000087782320}> (0x0000000087782320) thrown at [./open/src/hotspot/share/runtime/reflection.cpp, line 1242]
Event: 6.761 Thread 0x000002d01020b000 Exception <a 'java/io/FileNotFoundException'{0x0000000086e17ee8}> (0x0000000086e17ee8) thrown at [./open/src/hotspot/share/prims/jni.cpp, line 611]
Event: 6.793 Thread 0x000002d01020b000 Exception <a 'java/lang/NoSuchMethodError'{0x0000000086c2e140}: java.lang.invoke.DirectMethodHandle$Holder.invokeInterface(Ljava/lang/Object;Ljava/lang/Object;Ljava/lang/Object;Ljava/lang/Object;)I> (0x0000000086c2e140) thrown at [./open/src/hotspot/share
Event: 6.807 Thread 0x000002d01020b000 Exception <a 'java/lang/NoSuchMethodError'{0x0000000086a4f2e8}: java.lang.invoke.DirectMethodHandle$Holder.invokeVirtual(Ljava/lang/Object;Ljava/lang/Object;Ljava/lang/Object;Ljava/lang/Object;)V> (0x0000000086a4f2e8) thrown at [./open/src/hotspot/share/i
Event: 7.193 Thread 0x000002d010115000 Exception <a 'java/lang/reflect/InvocationTargetException'{0x0000000087786358}> (0x0000000087786358) thrown at [./open/src/hotspot/share/runtime/reflection.cpp, line 1242]
Event: 7.425 Thread 0x000002d01020b000 Exception <a 'java/lang/NoSuchMethodError'{0x0000000085c2ae28}: java.lang.invoke.DirectMethodHandle$Holder.invokeStaticInit(Ljava/lang/Object;Ljava/lang/Object;Ljava/lang/Object;Ljava/lang/Object;)Ljava/lang/Object;> (0x0000000085c2ae28) thrown at [./open
Event: 7.518 Thread 0x000002d01020b000 Exception <a 'java/io/FileNotFoundException'{0x00000000858551f8}> (0x00000000858551f8) thrown at [./open/src/hotspot/share/prims/jni.cpp, line 611]

Events (10 events):
Event: 7.584 loading class org/hibernate/SessionFactory done
Event: 7.584 loading class org/hibernate/jpa/HibernateEntityManagerFactory
Event: 7.584 loading class org/hibernate/jpa/HibernateEntityManagerFactory done
Event: 7.584 loading class javax/naming/Referenceable
Event: 7.584 loading class javax/naming/Referenceable done
Event: 7.585 loading class javax/persistence/spi/PersistenceUnitInfo
Event: 7.585 loading class javax/persistence/spi/PersistenceUnitInfo done
Event: 7.597 loading class org/springframework/boot/task/TaskExecutorCustomizer
Event: 7.597 loading class org/springframework/boot/task/TaskExecutorCustomizer done
Event: 7.597 Executing VM operation: G1CollectForAllocation


Dynamic libraries:
0x00007ff650670000 - 0x00007ff65067f000 	C:\Program Files\Java\jdk-11.0.8\bin\javaw.exe
0x00007fffdc840000 - 0x00007fffdca30000 	C:\WINDOWS\SYSTEM32\ntdll.dll
0x00007fffc8ce0000 - 0x00007fffc8cf2000 	C:\Program Files\AVAST Software\Avast\aswhook.dll
0x00007fffdb580000 - 0x00007fffdb632000 	C:\WINDOWS\System32\KERNEL32.DLL
0x00007fffda200000 - 0x00007fffda4a5000 	C:\WINDOWS\System32\KERNELBASE.dll
0x00007fffda0d0000 - 0x00007fffda1ca000 	C:\WINDOWS\System32\ucrtbase.dll
0x00007fffc73f0000 - 0x00007fffc7408000 	C:\Program Files\Java\jdk-11.0.8\bin\jli.dll
0x00007fffdc1c0000 - 0x00007fffdc263000 	C:\WINDOWS\System32\ADVAPI32.dll
0x00007fffdab30000 - 0x00007fffdabce000 	C:\WINDOWS\System32\msvcrt.dll
0x00007fffdb4d0000 - 0x00007fffdb567000 	C:\WINDOWS\System32\sechost.dll
0x00007fffdc270000 - 0x00007fffdc38f000 	C:\WINDOWS\System32\RPCRT4.dll
0x00007fffda990000 - 0x00007fffdab24000 	C:\WINDOWS\System32\USER32.dll
0x00007fffd9850000 - 0x00007fffd9871000 	C:\WINDOWS\System32\win32u.dll
0x00007fffdb1e0000 - 0x00007fffdb206000 	C:\WINDOWS\System32\GDI32.dll
0x00007fffda6b0000 - 0x00007fffda848000 	C:\WINDOWS\System32\gdi32full.dll
0x00007fffda850000 - 0x00007fffda8ee000 	C:\WINDOWS\System32\msvcp_win.dll
0x00007fffc73d0000 - 0x00007fffc73e5000 	C:\Program Files\Java\jdk-11.0.8\bin\VCRUNTIME140.dll
0x00007fffcdc00000 - 0x00007fffcde84000 	C:\WINDOWS\WinSxS\amd64_microsoft.windows.common-controls_6595b64144ccf1df_6.0.18362.1316_none_9e7a364fe461dbd7\COMCTL32.dll
0x00007fffdc4c0000 - 0x00007fffdc7f7000 	C:\WINDOWS\System32\combase.dll
0x00007fffd97c0000 - 0x00007fffd9841000 	C:\WINDOWS\System32\bcryptPrimitives.dll
0x00007fffd29b0000 - 0x00007fffd29ba000 	C:\WINDOWS\SYSTEM32\VERSION.dll
0x00007fffdb1b0000 - 0x00007fffdb1de000 	C:\WINDOWS\System32\IMM32.DLL
0x00007fffa6860000 - 0x00007fffa68fb000 	C:\Program Files\Java\jdk-11.0.8\bin\msvcp140.dll
0x00007fff8e010000 - 0x00007fff8eaf6000 	C:\Program Files\Java\jdk-11.0.8\bin\server\jvm.dll
0x00007fffda980000 - 0x00007fffda988000 	C:\WINDOWS\System32\PSAPI.DLL
0x00007fffc7000000 - 0x00007fffc7009000 	C:\WINDOWS\SYSTEM32\WSOCK32.dll
0x00007fffdb3b0000 - 0x00007fffdb41f000 	C:\WINDOWS\System32\WS2_32.dll
0x00007fffd5d30000 - 0x00007fffd5d54000 	C:\WINDOWS\SYSTEM32\WINMM.dll
0x00007fffd5a60000 - 0x00007fffd5a8d000 	C:\WINDOWS\SYSTEM32\WINMMBASE.dll
0x00007fffda000000 - 0x00007fffda04a000 	C:\WINDOWS\System32\cfgmgr32.dll
0x00007fffd9780000 - 0x00007fffd9791000 	C:\WINDOWS\System32\kernel.appcore.dll
0x00007fffd0010000 - 0x00007fffd0020000 	C:\Program Files\Java\jdk-11.0.8\bin\verify.dll
0x00007fffd8040000 - 0x00007fffd8234000 	C:\WINDOWS\SYSTEM32\DBGHELP.DLL
0x00007fffcfed0000 - 0x00007fffcfefa000 	C:\WINDOWS\SYSTEM32\dbgcore.DLL
0x00007fffb3130000 - 0x00007fffb3158000 	C:\Program Files\Java\jdk-11.0.8\bin\java.dll
0x00007fffca9d0000 - 0x00007fffca9da000 	C:\Program Files\Java\jdk-11.0.8\bin\jimage.dll
0x00007fffaed70000 - 0x00007fffaed86000 	C:\Program Files\Java\jdk-11.0.8\bin\zip.dll
0x00007fffdb640000 - 0x00007fffdbd28000 	C:\WINDOWS\System32\SHELL32.dll
0x00007fffdbd30000 - 0x00007fffdbdd7000 	C:\WINDOWS\System32\shcore.dll
0x00007fffd9880000 - 0x00007fffd9ffb000 	C:\WINDOWS\System32\windows.storage.dll
0x00007fffd9750000 - 0x00007fffd9773000 	C:\WINDOWS\System32\profapi.dll
0x00007fffd9700000 - 0x00007fffd974a000 	C:\WINDOWS\System32\powrprof.dll
0x00007fffd96f0000 - 0x00007fffd9700000 	C:\WINDOWS\System32\UMPDC.dll
0x00007fffdc390000 - 0x00007fffdc3e2000 	C:\WINDOWS\System32\shlwapi.dll
0x00007fffda050000 - 0x00007fffda067000 	C:\WINDOWS\System32\cryptsp.dll
0x00007fffa76b0000 - 0x00007fffa76c9000 	C:\Program Files\Java\jdk-11.0.8\bin\net.dll
0x00007fffd1820000 - 0x00007fffd1910000 	C:\WINDOWS\SYSTEM32\WINHTTP.dll
0x00007fffd8f30000 - 0x00007fffd8f97000 	C:\WINDOWS\system32\mswsock.dll
0x00007fffa7690000 - 0x00007fffa76a2000 	C:\Program Files\Java\jdk-11.0.8\bin\nio.dll
0x00007fffd61d0000 - 0x00007fffd61d9000 	C:\Program Files\Java\jdk-11.0.8\bin\management.dll
0x00007fffd4ab0000 - 0x00007fffd4abb000 	C:\Program Files\Java\jdk-11.0.8\bin\management_ext.dll
0x00007fffb7ab0000 - 0x00007fffb7ac6000 	C:\WINDOWS\system32\napinsp.dll
0x00007fffb9c20000 - 0x00007fffb9c3a000 	C:\WINDOWS\system32\pnrpnsp.dll
0x00007fffd8c80000 - 0x00007fffd8d4b000 	C:\WINDOWS\SYSTEM32\DNSAPI.dll
0x00007fffda970000 - 0x00007fffda978000 	C:\WINDOWS\System32\NSI.dll
0x00007fffd8c40000 - 0x00007fffd8c7a000 	C:\WINDOWS\SYSTEM32\IPHLPAPI.DLL
0x00007fffd41d0000 - 0x00007fffd41de000 	C:\WINDOWS\System32\winrnr.dll
0x00007fffd48f0000 - 0x00007fffd490c000 	C:\WINDOWS\system32\NLAapi.dll
0x00007fffd3fd0000 - 0x00007fffd3fe5000 	C:\WINDOWS\system32\wshbth.dll
0x00007fffce420000 - 0x00007fffce42a000 	C:\Windows\System32\rasadhlp.dll
0x00007fffcaa00000 - 0x00007fffcaa77000 	C:\WINDOWS\System32\fwpuclnt.dll
0x00007fffda1d0000 - 0x00007fffda1f6000 	C:\WINDOWS\System32\bcrypt.dll
0x00007fffd8ab0000 - 0x00007fffd8ae3000 	C:\WINDOWS\system32\rsaenh.dll
0x00007fffd9610000 - 0x00007fffd9635000 	C:\WINDOWS\SYSTEM32\USERENV.dll
0x00007fffd9100000 - 0x00007fffd910c000 	C:\WINDOWS\SYSTEM32\CRYPTBASE.dll
0x00007fffce550000 - 0x00007fffce566000 	C:\WINDOWS\SYSTEM32\dhcpcsvc6.DLL
0x00007fffce490000 - 0x00007fffce4ac000 	C:\WINDOWS\SYSTEM32\dhcpcsvc.DLL

dbghelp: loaded successfully - version: 4.0.5 - missing functions: none
symbol engine: initialized successfully - sym options: 0x614 - pdb path: .;C:\Program Files\Java\jdk-11.0.8\bin;C:\WINDOWS\SYSTEM32;C:\Program Files\AVAST Software\Avast;C:\WINDOWS\WinSxS\amd64_microsoft.windows.common-controls_6595b64144ccf1df_6.0.18362.1316_none_9e7a364fe461dbd7;C:\Program Files\Java\jdk-11.0.8\bin\server

VM Arguments:
jvm_args: -Dcom.sun.management.jmxremote -Dcom.sun.management.jmxremote.port=55184 -Dcom.sun.management.jmxremote.authenticate=false -Dcom.sun.management.jmxremote.ssl=false -Djava.rmi.server.hostname=localhost -Dspring.jmx.enabled=true -Dspring.application.admin.enabled=true -Xverify:none -XX:TieredStopAtLevel=1 -Dspring.boot.project.name=cursomc -Dfile.encoding=UTF-8 
java_command: com.klein.cursomc.CursomcApplication --spring.output.ansi.enabled=always
java_class_path (initial): C:\Users\gabri\Documents\Curso spring com ionic\cursomc\target\classes;C:\Users\gabri\.m2\repository\org\springframework\boot\spring-boot-starter-web\2.4.0\spring-boot-starter-web-2.4.0.jar;C:\Users\gabri\.m2\repository\org\springframework\boot\spring-boot-starter\2.4.0\spring-boot-starter-2.4.0.jar;C:\Users\gabri\.m2\repository\org\springframework\boot\spring-boot-starter-logging\2.4.0\spring-boot-starter-logging-2.4.0.jar;C:\Users\gabri\.m2\repository\ch\qos\logback\logback-classic\1.2.3\logback-classic-1.2.3.jar;C:\Users\gabri\.m2\repository\ch\qos\logback\logback-core\1.2.3\logback-core-1.2.3.jar;C:\Users\gabri\.m2\repository\org\apache\logging\log4j\log4j-to-slf4j\2.13.3\log4j-to-slf4j-2.13.3.jar;C:\Users\gabri\.m2\repository\org\apache\logging\log4j\log4j-api\2.13.3\log4j-api-2.13.3.jar;C:\Users\gabri\.m2\repository\org\slf4j\jul-to-slf4j\1.7.30\jul-to-slf4j-1.7.30.jar;C:\Users\gabri\.m2\repository\jakarta\annotation\jakarta.annotation-api\1.3.5\jakarta.annotation-api-1.3.5.jar;C:\Users\gabri\.m2\repository\org\yaml\snakeyaml\1.27\snakeyaml-1.27.jar;C:\Users\gabri\.m2\repository\org\springframework\boot\spring-boot-starter-json\2.4.0\spring-boot-starter-json-2.4.0.jar;C:\Users\gabri\.m2\repository\com\fasterxml\jackson\datatype\jackson-datatype-jdk8\2.11.3\jackson-datatype-jdk8-2.11.3.jar;C:\Users\gabri\.m2\repository\com\fasterxml\jackson\datatype\jackson-datatype-jsr310\2.11.3\jackson-datatype-jsr310-2.11.3.jar;C:\Users\gabri\.m2\repository\com\fasterxml\jackson\module\jackson-module-parameter-names\2.11.3\jackson-module-parameter-names-2.11.3.jar;C:\Users\gabri\.m2\repository\org\springframework\boot\spring-boot-starter-tomcat\2.4.0\spring-boot-starter-tomcat-2.4.0.jar;C:\Users\gabri\.m2\repository\org\apache\tomcat\embed\tomcat-embed-core\9.0.39\tomcat-embed-core-9.0.39.jar;C:\Users\gabri\.m2\repository\org\apache\tomcat\embed\tomcat-embed-websocket\9.0.39\tomcat-embed-websocket-9.0.39.jar;C:\Users\gabri\.m2\repository\org\spri
Launcher Type: SUN_STANDARD

[Global flags]
     bool BytecodeVerificationLocal                = false                                     {product} {command line}
     bool BytecodeVerificationRemote               = false                                     {product} {command line}
     intx CICompilerCount                          = 4                                         {product} {ergonomic}
     uint ConcGCThreads                            = 2                                         {product} {ergonomic}
     uint G1ConcRefinementThreads                  = 8                                         {product} {ergonomic}
   size_t G1HeapRegionSize                         = 1048576                                   {product} {ergonomic}
    uintx GCDrainStackTargetSize                   = 64                                        {product} {ergonomic}
   size_t InitialHeapSize                          = 134217728                                 {product} {ergonomic}
     bool ManagementServer                         = true                                      {product} {command line}
   size_t MarkStackSize                            = 4194304                                   {product} {ergonomic}
   size_t MaxHeapSize                              = 2120220672                                {product} {ergonomic}
   size_t MaxNewSize                               = 1271922688                                {product} {ergonomic}
   size_t MinHeapDeltaBytes                        = 1048576                                   {product} {ergonomic}
    uintx NonNMethodCodeHeapSize                   = 7549744                                {pd product} {ergonomic}
    uintx NonProfiledCodeHeapSize                  = 244108496                              {pd product} {ergonomic}
    uintx ProfiledCodeHeapSize                     = 0                                      {pd product} {ergonomic}
    uintx ReservedCodeCacheSize                    = 251658240                              {pd product} {ergonomic}
     bool SegmentedCodeCache                       = true                                      {product} {ergonomic}
     intx TieredStopAtLevel                        = 1                                         {product} {command line}
     bool UseCompressedClassPointers               = true                                 {lp64_product} {ergonomic}
     bool UseCompressedOops                        = true                                 {lp64_product} {ergonomic}
     bool UseG1GC                                  = true                                      {product} {ergonomic}
     bool UseLargePagesIndividualAllocation        = false                                  {pd product} {ergonomic}

Logging:
Log output configuration:
 #0: stdout all=warning uptime,level,tags
 #1: stderr all=off uptime,level,tags

Environment Variables:
JAVA_HOME=C:\Program Files\Java\jdk11.0.8
CLASSPATH=C:\Program Files\Java\jdk11.0.8\ib;%JAVA_HOME\ib\tools.jar;
PATH=C:\Program Files\Common Files\Oracle\Java\javapath;C:\Program Files (x86)\Common Files\Oracle\Java\javapath;C:\ProgramData\Oracle\Java\javapath;C:\windows\system32;C:\windows;C:\windows\System32\Wbem;"C:\windows\System32\WindowsPowerShell\v1.0\;%JAVA_HOME\BIN;";C:\windows\System32\OpenSSH\;C:\Program Files (x86)\NVIDIA Corporation\PhysX\Common;C:\Program Files\NVIDIA Corporation\NVIDIA NvDLISR;C:\Program Files (x86)\Intel\Intel(R) Management Engine Components\DAL;C:\Program Files\Intel\Intel(R) Management Engine Components\DAL;C:\Program Files\Microsoft SQL Server\Client SDK\ODBC\170\Tools\Binn\;C:\Program Files\Microsoft SQL Server\120\Tools\Binn\;C:\Program Files\Microsoft SQL Server\Client SDK\ODBC\110\Tools\Binn\;C:\Program Files (x86)\Microsoft SQL Server\120\Tools\Binn\;C:\Program Files\Microsoft SQL Server\120\DTS\Binn\;C:\Program Files (x86)\Microsoft SQL Server\120\Tools\Binn\ManagementStudio\;C:\Program Files (x86)\Microsoft SQL Server\120\DTS\Binn\;C:\Program Files\Microsoft SQL Server\130\Tools\Binn\;C:\WINDOWS\system32;C:\WINDOWS;C:\WINDOWS\System32\Wbem;C:\WINDOWS\System32\WindowsPowerShell\v1.0\;C:\WINDOWS\System32\OpenSSH\;C:\Program Files\dotnet\;C:\Program Files\Git\cmd;C:\Program Files\MongoDB\Server\4.4\bin;C:\Users\gabri\AppData\Roaming\nvm;C:\Program Files\nodejs;C:\Program Files\nodejs\;C:\Users\gabri\AppData\Local\Programs\Python\Python38-32\Scripts\;C:\Users\gabri\AppData\Local\Programs\Python\Python38-32\;C:\Users\gabri\AppData\Local\Microsoft\WindowsApps;C:\Users\gabri\AppData\Local\Programs\Microsoft VS Code\bin;C:\Program Files\JetBrains\PyCharm Community Edition 2019.3\bin;C:\Users\gabri\AppData\Local\GitHubDesktop\bin;C:\Program Files\heroku\bin;C:\Users\gabri\AppData\Roaming\nvm;C:\Program Files\nodejs;C:\Users\gabri\AppData\Roaming\npm
USERNAME=gabri
OS=Windows_NT
PROCESSOR_IDENTIFIER=Intel64 Family 6 Model 142 Stepping 11, GenuineIntel



---------------  S Y S T E M  ---------------

OS: Windows 10 , 64 bit Build 18362 (10.0.18362.1316)

CPU:total 8 (initial active 8) (4 cores per cpu, 2 threads per core) family 6 model 142 stepping 11, cmov, cx8, fxsr, mmx, sse, sse2, sse3, ssse3, sse4.1, sse4.2, popcnt, avx, avx2, aes, clmul, erms, 3dnowpref, lzcnt, ht, tsc, tscinvbit, bmi1, bmi2, adx, fma

Memory: 4k page, system-wide physical 8083M (858M free)
TotalPageFile size 8083M (AvailPageFile size 46M)
current process WorkingSet (physical memory assigned to process): 199M, peak: 199M
current process commit charge ("private bytes"): 276M, peak: 302M

vm_info: Java HotSpot(TM) 64-Bit Server VM (11.0.8+10-LTS) for windows-amd64 JRE (11.0.8+10-LTS), built on Jun 16 2020 05:53:08 by "mach5one" with unknown MS VC++:1916

END.
