#
# There is insufficient memory for the Java Runtime Environment to continue.
# Native memory allocation (mmap) failed to map 134217728 bytes for Failed to commit area from 0x0000000081a00000 to 0x0000000089a00000 of length 134217728.
# Possible reasons:
#   The system is out of physical RAM or swap space
#   The process is running with CompressedOops enabled, and the Java Heap may be blocking the growth of the native heap
# Possible solutions:
#   Reduce memory load on the system
#   Increase physical memory or swap space
#   Check if swap backing store is full
#   Decrease Java heap size (-Xmx/-Xms)
#   Decrease number of Java threads
#   Decrease Java thread stack sizes (-Xss)
#   Set larger code cache with -XX:ReservedCodeCacheSize=
# This output file may be truncated or incomplete.
#
#  Out of Memory Error (./open/src/hotspot/os/windows/os_windows.cpp:3275), pid=8952, tid=13000
#
# JRE version:  (11.0.8+10) (build )
# Java VM: Java HotSpot(TM) 64-Bit Server VM (11.0.8+10-LTS, mixed mode, sharing, tiered, compressed oops, g1 gc, windows-amd64)
# No core dump will be written. Minidumps are not enabled by default on client versions of Windows
#

---------------  S U M M A R Y ------------

Command Line: -Dcom.sun.management.jmxremote -Dcom.sun.management.jmxremote.port=54072 -Dcom.sun.management.jmxremote.authenticate=false -Dcom.sun.management.jmxremote.ssl=false -Djava.rmi.server.hostname=localhost -Dspring.jmx.enabled=true -Dspring.application.admin.enabled=true -Xverify:none -XX:TieredStopAtLevel=1 -Dspring.boot.project.name=cursomc -Dfile.encoding=UTF-8 com.klein.cursomc.CursomcApplication --spring.output.ansi.enabled=always

Host: Intel(R) Core(TM) i7-8565U CPU @ 1.80GHz, 8 cores, 7G,  Windows 10 , 64 bit Build 18362 (10.0.18362.1316)
Time: Thu Feb 11 17:28:13 2021 Hora oficial do Brasil elapsed time: 0 seconds (0d 0h 0m 0s)

---------------  T H R E A D  ---------------

Current thread (0x000001ea63f00000):  JavaThread "Unknown thread" [_thread_in_vm, id=13000, stack(0x0000001d0a300000,0x0000001d0a400000)]

Stack: [0x0000001d0a300000,0x0000001d0a400000]
Native frames: (J=compiled Java code, j=interpreted, Vv=VM code, C=native code)
V  [jvm.dll+0x601aea]
V  [jvm.dll+0x737fef]
V  [jvm.dll+0x739675]
V  [jvm.dll+0x739cf3]
V  [jvm.dll+0x242848]
V  [jvm.dll+0x5fef8a]
V  [jvm.dll+0x5f3eb5]
V  [jvm.dll+0x2f651c]
V  [jvm.dll+0x2f63a2]
V  [jvm.dll+0x2fb056]
V  [jvm.dll+0x33ce9f]
V  [jvm.dll+0x33c8d0]
V  [jvm.dll+0x2d4768]
V  [jvm.dll+0x2d58c6]
V  [jvm.dll+0x713e67]
V  [jvm.dll+0x71570f]
V  [jvm.dll+0x349c19]
V  [jvm.dll+0x6f97f0]
V  [jvm.dll+0x3b2a5f]
V  [jvm.dll+0x3b4e81]
C  [jli.dll+0x5213]
C  [ucrtbase.dll+0x210b2]
C  [KERNEL32.DLL+0x17c24]
C  [ntdll.dll+0x6d4d1]


---------------  P R O C E S S  ---------------

Threads class SMR info:
_java_thread_list=0x000001ea63de5420, length=0, elements={
}

Java Threads: ( => current thread )

Other Threads:
  0x000001ea63f16800 GCTaskThread "GC Thread#0" [stack: 0x0000001d0a400000,0x0000001d0a500000] [id=18916]
  0x000001ea63f4c000 ConcurrentGCThread "G1 Main Marker" [stack: 0x0000001d0a500000,0x0000001d0a600000] [id=11644]
  0x000001ea63f4e800 ConcurrentGCThread "G1 Conc#0" [stack: 0x0000001d0a600000,0x0000001d0a700000] [id=15508]

[error occurred during error reporting (printing all threads), id 0xc0000005, EXCEPTION_ACCESS_VIOLATION (0xc0000005) at pc=0x00007ffa78222f67]

VM state:not at safepoint (not fully initialized)

VM Mutex/Monitor currently owned by a thread:  ([mutex/lock_event])
[0x000001ea63efe400] Heap_lock - owner thread: 0x000001ea63f00000

Heap address: 0x0000000081a00000, size: 2022 MB, Compressed Oops mode: Non-zero based: 0x0000000081a00000
Narrow klass base: 0x0000000000000000, Narrow klass shift: 0

GC Heap History (0 events):
No events

Deoptimization events (0 events):
No events

Classes redefined (0 events):
No events

Internal exceptions (0 events):
No events

Events (0 events):
No events


Dynamic libraries:
0x00007ff742d50000 - 0x00007ff742d5f000 	C:\Program Files\Java\jdk-11.0.8\bin\javaw.exe
0x00007ffadb9a0000 - 0x00007ffadbb90000 	C:\WINDOWS\SYSTEM32\ntdll.dll
0x00007ffacbba0000 - 0x00007ffacbbb2000 	C:\Program Files\AVAST Software\Avast\aswhook.dll
0x00007ffadb400000 - 0x00007ffadb4b2000 	C:\WINDOWS\System32\KERNEL32.DLL
0x00007ffad8b30000 - 0x00007ffad8dd5000 	C:\WINDOWS\System32\KERNELBASE.dll
0x00007ffad8a30000 - 0x00007ffad8b2a000 	C:\WINDOWS\System32\ucrtbase.dll
0x00007ffac7f80000 - 0x00007ffac7f98000 	C:\Program Files\Java\jdk-11.0.8\bin\jli.dll
0x00007ffadb540000 - 0x00007ffadb5e3000 	C:\WINDOWS\System32\ADVAPI32.dll
0x00007ffada4d0000 - 0x00007ffada56e000 	C:\WINDOWS\System32\msvcrt.dll
0x00007ffadb7a0000 - 0x00007ffadb837000 	C:\WINDOWS\System32\sechost.dll
0x00007ffada210000 - 0x00007ffada32f000 	C:\WINDOWS\System32\RPCRT4.dll
0x00007ffada330000 - 0x00007ffada4c4000 	C:\WINDOWS\System32\USER32.dll
0x00007ffad8a00000 - 0x00007ffad8a21000 	C:\WINDOWS\System32\win32u.dll
0x00007ffadb8b0000 - 0x00007ffadb8d6000 	C:\WINDOWS\System32\GDI32.dll
0x00007ffad98b0000 - 0x00007ffad9a48000 	C:\WINDOWS\System32\gdi32full.dll
0x00007ffad9010000 - 0x00007ffad90ae000 	C:\WINDOWS\System32\msvcp_win.dll
0x00007ffac5c50000 - 0x00007ffac5c65000 	C:\Program Files\Java\jdk-11.0.8\bin\VCRUNTIME140.dll
0x00007ffacade0000 - 0x00007ffacb064000 	C:\WINDOWS\WinSxS\amd64_microsoft.windows.common-controls_6595b64144ccf1df_6.0.18362.1316_none_9e7a364fe461dbd7\COMCTL32.dll
0x00007ffada570000 - 0x00007ffada8a7000 	C:\WINDOWS\System32\combase.dll
0x00007ffad8970000 - 0x00007ffad89f1000 	C:\WINDOWS\System32\bcryptPrimitives.dll
0x00007ffad10c0000 - 0x00007ffad10ca000 	C:\WINDOWS\SYSTEM32\VERSION.dll
0x00007ffadaa70000 - 0x00007ffadaa9e000 	C:\WINDOWS\System32\IMM32.DLL
0x00007ffa933c0000 - 0x00007ffa9345b000 	C:\Program Files\Java\jdk-11.0.8\bin\msvcp140.dll
0x00007ffa77f40000 - 0x00007ffa78a26000 	C:\Program Files\Java\jdk-11.0.8\bin\server\jvm.dll
0x00007ffadb4d0000 - 0x00007ffadb4d8000 	C:\WINDOWS\System32\PSAPI.DLL
0x00007ffac5340000 - 0x00007ffac5349000 	C:\WINDOWS\SYSTEM32\WSOCK32.dll
0x00007ffadb840000 - 0x00007ffadb8af000 	C:\WINDOWS\System32\WS2_32.dll
0x00007ffad5580000 - 0x00007ffad55a4000 	C:\WINDOWS\SYSTEM32\WINMM.dll
0x00007ffad51e0000 - 0x00007ffad520d000 	C:\WINDOWS\SYSTEM32\WINMMBASE.dll
0x00007ffad8920000 - 0x00007ffad896a000 	C:\WINDOWS\System32\cfgmgr32.dll
0x00007ffad88e0000 - 0x00007ffad88f1000 	C:\WINDOWS\System32\kernel.appcore.dll
0x00007ffad3040000 - 0x00007ffad3050000 	C:\Program Files\Java\jdk-11.0.8\bin\verify.dll
0x00007ffad7150000 - 0x00007ffad7344000 	C:\WINDOWS\SYSTEM32\DBGHELP.DLL
0x00007ffad0290000 - 0x00007ffad02ba000 	C:\WINDOWS\SYSTEM32\dbgcore.DLL
0x00007ffaafeb0000 - 0x00007ffaafed8000 	C:\Program Files\Java\jdk-11.0.8\bin\java.dll
0x00007ffad2b10000 - 0x00007ffad2b1a000 	C:\Program Files\Java\jdk-11.0.8\bin\jimage.dll
0x00007ffac2ff0000 - 0x00007ffac3006000 	C:\Program Files\Java\jdk-11.0.8\bin\zip.dll

dbghelp: loaded successfully - version: 4.0.5 - missing functions: none
symbol engine: initialized successfully - sym options: 0x614 - pdb path: .;C:\Program Files\Java\jdk-11.0.8\bin;C:\WINDOWS\SYSTEM32;C:\Program Files\AVAST Software\Avast;C:\WINDOWS\WinSxS\amd64_microsoft.windows.common-controls_6595b64144ccf1df_6.0.18362.1316_none_9e7a364fe461dbd7;C:\Program Files\Java\jdk-11.0.8\bin\server

VM Arguments:
jvm_args: -Dcom.sun.management.jmxremote -Dcom.sun.management.jmxremote.port=54072 -Dcom.sun.management.jmxremote.authenticate=false -Dcom.sun.management.jmxremote.ssl=false -Djava.rmi.server.hostname=localhost -Dspring.jmx.enabled=true -Dspring.application.admin.enabled=true -Xverify:none -XX:TieredStopAtLevel=1 -Dspring.boot.project.name=cursomc -Dfile.encoding=UTF-8 
java_command: com.klein.cursomc.CursomcApplication --spring.output.ansi.enabled=always
java_class_path (initial): C:\Users\gabri\Documents\Curso spring com ionic\cursomc\target\classes;C:\Users\gabri\.m2\repository\org\springframework\boot\spring-boot-starter-web\2.4.0\spring-boot-starter-web-2.4.0.jar;C:\Users\gabri\.m2\repository\org\springframework\boot\spring-boot-starter\2.4.0\spring-boot-starter-2.4.0.jar;C:\Users\gabri\.m2\repository\org\springframework\boot\spring-boot-starter-logging\2.4.0\spring-boot-starter-logging-2.4.0.jar;C:\Users\gabri\.m2\repository\ch\qos\logback\logback-classic\1.2.3\logback-classic-1.2.3.jar;C:\Users\gabri\.m2\repository\ch\qos\logback\logback-core\1.2.3\logback-core-1.2.3.jar;C:\Users\gabri\.m2\repository\org\apache\logging\log4j\log4j-to-slf4j\2.13.3\log4j-to-slf4j-2.13.3.jar;C:\Users\gabri\.m2\repository\org\apache\logging\log4j\log4j-api\2.13.3\log4j-api-2.13.3.jar;C:\Users\gabri\.m2\repository\org\slf4j\jul-to-slf4j\1.7.30\jul-to-slf4j-1.7.30.jar;C:\Users\gabri\.m2\repository\jakarta\annotation\jakarta.annotation-api\1.3.5\jakarta.annotation-api-1.3.5.jar;C:\Users\gabri\.m2\repository\org\yaml\snakeyaml\1.27\snakeyaml-1.27.jar;C:\Users\gabri\.m2\repository\org\springframework\boot\spring-boot-starter-json\2.4.0\spring-boot-starter-json-2.4.0.jar;C:\Users\gabri\.m2\repository\com\fasterxml\jackson\datatype\jackson-datatype-jdk8\2.11.3\jackson-datatype-jdk8-2.11.3.jar;C:\Users\gabri\.m2\repository\com\fasterxml\jackson\datatype\jackson-datatype-jsr310\2.11.3\jackson-datatype-jsr310-2.11.3.jar;C:\Users\gabri\.m2\repository\com\fasterxml\jackson\module\jackson-module-parameter-names\2.11.3\jackson-module-parameter-names-2.11.3.jar;C:\Users\gabri\.m2\repository\org\springframework\boot\spring-boot-starter-tomcat\2.4.0\spring-boot-starter-tomcat-2.4.0.jar;C:\Users\gabri\.m2\repository\org\apache\tomcat\embed\tomcat-embed-core\9.0.39\tomcat-embed-core-9.0.39.jar;C:\Users\gabri\.m2\repository\org\apache\tomcat\embed\tomcat-embed-websocket\9.0.39\tomcat-embed-websocket-9.0.39.jar;C:\Users\gabri\.m2\repository\org\spri
Launcher Type: SUN_STANDARD

[Global flags]
     bool BytecodeVerificationLocal                = false                                     {product} {command line}
     bool BytecodeVerificationRemote               = false                                     {product} {command line}
     intx CICompilerCount                          = 4                                         {product} {ergonomic}
     uint ConcGCThreads                            = 2                                         {product} {ergonomic}
     uint G1ConcRefinementThreads                  = 8                                         {product} {ergonomic}
   size_t G1HeapRegionSize                         = 1048576                                   {product} {ergonomic}
    uintx GCDrainStackTargetSize                   = 64                                        {product} {ergonomic}
   size_t InitialHeapSize                          = 134217728                                 {product} {ergonomic}
     bool ManagementServer                         = true                                      {product} {command line}
   size_t MarkStackSize                            = 4194304                                   {product} {ergonomic}
   size_t MaxHeapSize                              = 2120220672                                {product} {ergonomic}
   size_t MinHeapDeltaBytes                        = 1048576                                   {product} {ergonomic}
    uintx NonNMethodCodeHeapSize                   = 7549744                                {pd product} {ergonomic}
    uintx NonProfiledCodeHeapSize                  = 244108496                              {pd product} {ergonomic}
    uintx ProfiledCodeHeapSize                     = 0                                      {pd product} {ergonomic}
    uintx ReservedCodeCacheSize                    = 251658240                              {pd product} {ergonomic}
     bool SegmentedCodeCache                       = true                                      {product} {ergonomic}
     intx TieredStopAtLevel                        = 1                                         {product} {command line}
     bool UseCompressedClassPointers               = true                                 {lp64_product} {ergonomic}
     bool UseCompressedOops                        = true                                 {lp64_product} {ergonomic}
     bool UseG1GC                                  = true                                      {product} {ergonomic}
     bool UseLargePagesIndividualAllocation        = false                                  {pd product} {ergonomic}

Logging:
Log output configuration:
 #0: stdout all=warning uptime,level,tags
 #1: stderr all=off uptime,level,tags

Environment Variables:
JAVA_HOME=C:\Program Files\Java\jdk11.0.8
CLASSPATH=C:\Program Files\Java\jdk11.0.8\ib;%JAVA_HOME\ib\tools.jar;
PATH=C:\Program Files\Common Files\Oracle\Java\javapath;C:\Program Files (x86)\Common Files\Oracle\Java\javapath;C:\ProgramData\Oracle\Java\javapath;C:\windows\system32;C:\windows;C:\windows\System32\Wbem;"C:\windows\System32\WindowsPowerShell\v1.0\;%JAVA_HOME\BIN;";C:\windows\System32\OpenSSH\;C:\Program Files (x86)\NVIDIA Corporation\PhysX\Common;C:\Program Files\NVIDIA Corporation\NVIDIA NvDLISR;C:\Program Files (x86)\Intel\Intel(R) Management Engine Components\DAL;C:\Program Files\Intel\Intel(R) Management Engine Components\DAL;C:\Program Files\Microsoft SQL Server\Client SDK\ODBC\170\Tools\Binn\;C:\Program Files\Microsoft SQL Server\120\Tools\Binn\;C:\Program Files\Microsoft SQL Server\Client SDK\ODBC\110\Tools\Binn\;C:\Program Files (x86)\Microsoft SQL Server\120\Tools\Binn\;C:\Program Files\Microsoft SQL Server\120\DTS\Binn\;C:\Program Files (x86)\Microsoft SQL Server\120\Tools\Binn\ManagementStudio\;C:\Program Files (x86)\Microsoft SQL Server\120\DTS\Binn\;C:\Program Files\Microsoft SQL Server\130\Tools\Binn\;C:\WINDOWS\system32;C:\WINDOWS;C:\WINDOWS\System32\Wbem;C:\WINDOWS\System32\WindowsPowerShell\v1.0\;C:\WINDOWS\System32\OpenSSH\;C:\Program Files\dotnet\;C:\Program Files\Git\cmd;C:\Program Files\MongoDB\Server\4.4\bin;C:\Users\gabri\AppData\Roaming\nvm;C:\Program Files\nodejs;C:\Program Files\nodejs\;C:\Users\gabri\AppData\Local\Programs\Python\Python38-32\Scripts\;C:\Users\gabri\AppData\Local\Programs\Python\Python38-32\;C:\Users\gabri\AppData\Local\Microsoft\WindowsApps;C:\Users\gabri\AppData\Local\Programs\Microsoft VS Code\bin;C:\Program Files\JetBrains\PyCharm Community Edition 2019.3\bin;C:\Users\gabri\AppData\Local\GitHubDesktop\bin;C:\Program Files\heroku\bin;C:\Users\gabri\AppData\Roaming\nvm;C:\Program Files\nodejs;C:\Users\gabri\AppData\Roaming\npm
USERNAME=gabri
OS=Windows_NT
PROCESSOR_IDENTIFIER=Intel64 Family 6 Model 142 Stepping 11, GenuineIntel



---------------  S Y S T E M  ---------------

OS: Windows 10 , 64 bit Build 18362 (10.0.18362.1316)

CPU:total 8 (initial active 8) (4 cores per cpu, 2 threads per core) family 6 model 142 stepping 11, cmov, cx8, fxsr, mmx, sse, sse2, sse3, ssse3, sse4.1, sse4.2, popcnt, avx, avx2, aes, clmul, erms, 3dnowpref, lzcnt, ht, tsc, tscinvbit, bmi1, bmi2, adx, fma

Memory: 4k page, system-wide physical 8083M (995M free)
TotalPageFile size 8083M (AvailPageFile size 114M)
current process WorkingSet (physical memory assigned to process): 10M, peak: 10M
current process commit charge ("private bytes"): 57M, peak: 185M

vm_info: Java HotSpot(TM) 64-Bit Server VM (11.0.8+10-LTS) for windows-amd64 JRE (11.0.8+10-LTS), built on Jun 16 2020 05:53:08 by "mach5one" with unknown MS VC++:1916

END.
